Build started 6/2/2012 1:10:10 PM.
     1>Project "C:\Users\Brian\Documents\Visual Studio 2010\CCV School\five times 10 plus 3\five times 10 plus 3\five times 10 plus 3.vcxproj" on node 2 (build target(s)).
     1>PrepareForBuild:
         Creating directory "C:\Users\Brian\Documents\Visual Studio 2010\CCV School\five times 10 plus 3\Debug\".
       InitializeBuildStatus:
         Creating "Debug\five times 10 plus 3.unsuccessfulbuild" because "AlwaysCreate" was specified.
       ClCompile:
         C:\Program Files (x86)\Microsoft Visual Studio 10.0\VC\bin\CL.exe /c /ZI /nologo /W3 /WX- /Od /Oy- /D _MBCS /Gm /EHsc /RTC1 /MDd /GS /fp:precise /Zc:wchar_t /Zc:forScope /Fo"Debug\\" /Fd"Debug\vc100.pdb" /Gd /TP /analyze- /errorReport:prompt "five times 10 plus 3.cpp"
         five times 10 plus 3.cpp
       Link:
         C:\Program Files (x86)\Microsoft Visual Studio 10.0\VC\bin\link.exe /ERRORREPORT:PROMPT /OUT:"C:\Users\Brian\Documents\Visual Studio 2010\CCV School\five times 10 plus 3\Debug\five times 10 plus 3.exe" /NOLOGO kernel32.lib user32.lib gdi32.lib winspool.lib comdlg32.lib advapi32.lib shell32.lib ole32.lib oleaut32.lib uuid.lib odbc32.lib odbccp32.lib /MANIFEST /ManifestFile:"Debug\five times 10 plus 3.exe.intermediate.manifest" /MANIFESTUAC:"level='asInvoker' uiAccess='false'" /DEBUG /PDB:"C:\Users\Brian\Documents\Visual Studio 2010\CCV School\five times 10 plus 3\Debug\five times 10 plus 3.pdb" /TLBID:1 /DYNAMICBASE /NXCOMPAT /IMPLIB:"C:\Users\Brian\Documents\Visual Studio 2010\CCV School\five times 10 plus 3\Debug\five times 10 plus 3.lib" /MACHINE:X86 "Debug\five times 10 plus 3.obj"
         five times 10 plus 3.vcxproj -> C:\Users\Brian\Documents\Visual Studio 2010\CCV School\five times 10 plus 3\Debug\five times 10 plus 3.exe
       Manifest:
         C:\Program Files (x86)\Microsoft SDKs\Windows\v7.0A\bin\mt.exe /nologo /verbose /outputresource:"C:\Users\Brian\Documents\Visual Studio 2010\CCV School\five times 10 plus 3\Debug\five times 10 plus 3.exe;#1" /manifest "Debug\five times 10 plus 3.exe.intermediate.manifest"
       FinalizeBuildStatus:
         Deleting file "Debug\five times 10 plus 3.unsuccessfulbuild".
         Touching "Debug\five times 10 plus 3.lastbuildstate".
     1>Done Building Project "C:\Users\Brian\Documents\Visual Studio 2010\CCV School\five times 10 plus 3\five times 10 plus 3\five times 10 plus 3.vcxproj" (build target(s)).

Build succeeded.

Time Elapsed 00:00:01.42
