Build started 7/26/2012 7:49:02 PM.
     1>Project "C:\Users\Brian\Documents\Visual Studio 2010\CCV School\Week 7\Example Stream\Example Stream\Example Stream.vcxproj" on node 2 (build target(s)).
     1>PrepareForBuild:
         Creating directory "C:\Users\Brian\Documents\Visual Studio 2010\CCV School\Week 7\Example Stream\Debug\".
       InitializeBuildStatus:
         Creating "Debug\Example Stream.unsuccessfulbuild" because "AlwaysCreate" was specified.
       ClCompile:
         C:\Program Files (x86)\Microsoft Visual Studio 10.0\VC\bin\CL.exe /c /ZI /nologo /W3 /WX- /Od /Oy- /D _MBCS /Gm /EHsc /RTC1 /MDd /GS /fp:precise /Zc:wchar_t /Zc:forScope /Fo"Debug\\" /Fd"Debug\vc100.pdb" /Gd /TP /analyze- /errorReport:prompt "Example Stream.cpp"
         Example Stream.cpp
       Link:
         C:\Program Files (x86)\Microsoft Visual Studio 10.0\VC\bin\link.exe /ERRORREPORT:PROMPT /OUT:"C:\Users\Brian\Documents\Visual Studio 2010\CCV School\Week 7\Example Stream\Debug\Example Stream.exe" /NOLOGO kernel32.lib user32.lib gdi32.lib winspool.lib comdlg32.lib advapi32.lib shell32.lib ole32.lib oleaut32.lib uuid.lib odbc32.lib odbccp32.lib /MANIFEST /ManifestFile:"Debug\Example Stream.exe.intermediate.manifest" /MANIFESTUAC:"level='asInvoker' uiAccess='false'" /DEBUG /PDB:"C:\Users\Brian\Documents\Visual Studio 2010\CCV School\Week 7\Example Stream\Debug\Example Stream.pdb" /TLBID:1 /DYNAMICBASE /NXCOMPAT /IMPLIB:"C:\Users\Brian\Documents\Visual Studio 2010\CCV School\Week 7\Example Stream\Debug\Example Stream.lib" /MACHINE:X86 "Debug\Example Stream.obj"
         Example Stream.vcxproj -> C:\Users\Brian\Documents\Visual Studio 2010\CCV School\Week 7\Example Stream\Debug\Example Stream.exe
       Manifest:
         C:\Program Files (x86)\Microsoft SDKs\Windows\v7.0A\bin\mt.exe /nologo /verbose /outputresource:"C:\Users\Brian\Documents\Visual Studio 2010\CCV School\Week 7\Example Stream\Debug\Example Stream.exe;#1" /manifest "Debug\Example Stream.exe.intermediate.manifest"
       FinalizeBuildStatus:
         Deleting file "Debug\Example Stream.unsuccessfulbuild".
         Touching "Debug\Example Stream.lastbuildstate".
     1>Done Building Project "C:\Users\Brian\Documents\Visual Studio 2010\CCV School\Week 7\Example Stream\Example Stream\Example Stream.vcxproj" (build target(s)).

Build succeeded.

Time Elapsed 00:00:01.92
