Build started 7/6/2012 3:27:21 AM.
     1>Project "C:\Users\Brian\Documents\Visual Studio 2010\CCV School\Week 5\Part 4 guessing game\Part 4 guessing game\Part 4 guessing game.vcxproj" on node 2 (build target(s)).
     1>PrepareForBuild:
         Creating directory "C:\Users\Brian\Documents\Visual Studio 2010\CCV School\Week 5\Part 4 guessing game\Release\".
       InitializeBuildStatus:
         Creating "Release\Part 4 guessing game.unsuccessfulbuild" because "AlwaysCreate" was specified.
       ClCompile:
         C:\Program Files (x86)\Microsoft Visual Studio 10.0\VC\bin\CL.exe /c /Zi /nologo /W3 /WX- /O2 /Oi /Oy- /GL /D _MBCS /Gm- /EHsc /MD /GS /Gy /fp:precise /Zc:wchar_t /Zc:forScope /Fo"Release\\" /Fd"Release\vc100.pdb" /Gd /TP /analyze- /errorReport:prompt "Part 4 guessing game.cpp"
         Part 4 guessing game.cpp
     1>Part 4 guessing game.cpp(16): warning C4244: 'argument' : conversion from 'time_t' to 'unsigned int', possible loss of data
       Link:
         C:\Program Files (x86)\Microsoft Visual Studio 10.0\VC\bin\link.exe /ERRORREPORT:PROMPT /OUT:"C:\Users\Brian\Documents\Visual Studio 2010\CCV School\Week 5\Part 4 guessing game\Release\Part 4 guessing game.exe" /NOLOGO kernel32.lib user32.lib gdi32.lib winspool.lib comdlg32.lib advapi32.lib shell32.lib ole32.lib oleaut32.lib uuid.lib odbc32.lib odbccp32.lib /MANIFEST /ManifestFile:"Release\Part 4 guessing game.exe.intermediate.manifest" /MANIFESTUAC:"level='asInvoker' uiAccess='false'" /DEBUG /PDB:"C:\Users\Brian\Documents\Visual Studio 2010\CCV School\Week 5\Part 4 guessing game\Release\Part 4 guessing game.pdb" /OPT:REF /OPT:ICF /LTCG /TLBID:1 /DYNAMICBASE /NXCOMPAT /IMPLIB:"C:\Users\Brian\Documents\Visual Studio 2010\CCV School\Week 5\Part 4 guessing game\Release\Part 4 guessing game.lib" /MACHINE:X86 "Release\Part 4 guessing game.obj"
         Generating code
         Finished generating code
         Part 4 guessing game.vcxproj -> C:\Users\Brian\Documents\Visual Studio 2010\CCV School\Week 5\Part 4 guessing game\Release\Part 4 guessing game.exe
       Manifest:
         C:\Program Files (x86)\Microsoft SDKs\Windows\v7.0A\bin\mt.exe /nologo /verbose /outputresource:"C:\Users\Brian\Documents\Visual Studio 2010\CCV School\Week 5\Part 4 guessing game\Release\Part 4 guessing game.exe;#1" /manifest "Release\Part 4 guessing game.exe.intermediate.manifest"
       FinalizeBuildStatus:
         Deleting file "Release\Part 4 guessing game.unsuccessfulbuild".
         Touching "Release\Part 4 guessing game.lastbuildstate".
     1>Done Building Project "C:\Users\Brian\Documents\Visual Studio 2010\CCV School\Week 5\Part 4 guessing game\Part 4 guessing game\Part 4 guessing game.vcxproj" (build target(s)).

Build succeeded.

Time Elapsed 00:00:01.43
